<?xml version="1.0" encoding="UTF-8"?>
<testsuite xmlns:xsi="http://www.w3.org/2001/XMLSchema-instance" xsi:noNamespaceSchemaLocation="https://maven.apache.org/surefire/maven-surefire-plugin/xsd/surefire-test-report.xsd" name="com.asni.AppTest" time="0.089" tests="1" errors="0" skipped="0" failures="0">
  <properties>
    <property name="java.specification.version" value="14"/>
    <property name="sun.cpu.isalist" value="amd64"/>
    <property name="sun.jnu.encoding" value="Cp1252"/>
    <property name="java.class.path" value="C:\Users\m\Desktop\m1\Systeme_Distribué\Projet\gestion-comptes-bancaires\target\test-classes;C:\Users\m\Desktop\m1\Systeme_Distribué\Projet\gestion-comptes-bancaires\target\classes;C:\Users\m\.m2\repository\junit\junit\4.11\junit-4.11.jar;C:\Users\m\.m2\repository\org\hamcrest\hamcrest-core\1.3\hamcrest-core-1.3.jar;C:\Users\m\.m2\repository\com\typesafe\akka\akka-actor-typed_2.13\2.6.14\akka-actor-typed_2.13-2.6.14.jar;C:\Users\m\.m2\repository\org\scala-lang\scala-library\2.13.5\scala-library-2.13.5.jar;C:\Users\m\.m2\repository\com\typesafe\akka\akka-actor_2.13\2.6.14\akka-actor_2.13-2.6.14.jar;C:\Users\m\.m2\repository\com\typesafe\config\1.4.0\config-1.4.0.jar;C:\Users\m\.m2\repository\org\scala-lang\modules\scala-java8-compat_2.13\0.9.0\scala-java8-compat_2.13-0.9.0.jar;C:\Users\m\.m2\repository\com\typesafe\akka\akka-slf4j_2.13\2.6.14\akka-slf4j_2.13-2.6.14.jar;C:\Users\m\.m2\repository\org\slf4j\slf4j-api\1.7.30\slf4j-api-1.7.30.jar;"/>
    <property name="java.vm.vendor" value="AdoptOpenJDK"/>
    <property name="sun.arch.data.model" value="64"/>
    <property name="user.variant" value=""/>
    <property name="java.vendor.url" value="https://adoptopenjdk.net/"/>
    <property name="user.timezone" value="Europe/Paris"/>
    <property name="os.name" value="Windows 10"/>
    <property name="java.vm.specification.version" value="14"/>
    <property name="sun.java.launcher" value="SUN_STANDARD"/>
    <property name="user.country" value="FR"/>
    <property name="sun.boot.library.path" value="C:\Program Files\AdoptOpenJDK\jdk-14.0.2.12-hotspot\bin"/>
    <property name="sun.java.command" value="C:\Users\m\AppData\Local\Temp\surefire2428187656748955878\surefirebooter17705977874562808823.jar C:\Users\m\AppData\Local\Temp\surefire2428187656748955878 2023-12-24T19-59-29_718-jvmRun1 surefire17445690105708234855tmp surefire_04416062447165423970tmp"/>
    <property name="jdk.debug" value="release"/>
    <property name="surefire.test.class.path" value="C:\Users\m\Desktop\m1\Systeme_Distribué\Projet\gestion-comptes-bancaires\target\test-classes;C:\Users\m\Desktop\m1\Systeme_Distribué\Projet\gestion-comptes-bancaires\target\classes;C:\Users\m\.m2\repository\junit\junit\4.11\junit-4.11.jar;C:\Users\m\.m2\repository\org\hamcrest\hamcrest-core\1.3\hamcrest-core-1.3.jar;C:\Users\m\.m2\repository\com\typesafe\akka\akka-actor-typed_2.13\2.6.14\akka-actor-typed_2.13-2.6.14.jar;C:\Users\m\.m2\repository\org\scala-lang\scala-library\2.13.5\scala-library-2.13.5.jar;C:\Users\m\.m2\repository\com\typesafe\akka\akka-actor_2.13\2.6.14\akka-actor_2.13-2.6.14.jar;C:\Users\m\.m2\repository\com\typesafe\config\1.4.0\config-1.4.0.jar;C:\Users\m\.m2\repository\org\scala-lang\modules\scala-java8-compat_2.13\0.9.0\scala-java8-compat_2.13-0.9.0.jar;C:\Users\m\.m2\repository\com\typesafe\akka\akka-slf4j_2.13\2.6.14\akka-slf4j_2.13-2.6.14.jar;C:\Users\m\.m2\repository\org\slf4j\slf4j-api\1.7.30\slf4j-api-1.7.30.jar;"/>
    <property name="sun.cpu.endian" value="little"/>
    <property name="user.home" value="C:\Users\m"/>
    <property name="user.language" value="fr"/>
    <property name="java.specification.vendor" value="Oracle Corporation"/>
    <property name="java.version.date" value="2020-07-14"/>
    <property name="java.home" value="C:\Program Files\AdoptOpenJDK\jdk-14.0.2.12-hotspot"/>
    <property name="file.separator" value="\"/>
    <property name="basedir" value="C:\Users\m\Desktop\m1\Systeme_Distribué\Projet\gestion-comptes-bancaires"/>
    <property name="java.vm.compressedOopsMode" value="Zero based"/>
    <property name="line.separator" value="&#10;"/>
    <property name="java.vm.specification.vendor" value="Oracle Corporation"/>
    <property name="java.specification.name" value="Java Platform API Specification"/>
    <property name="surefire.real.class.path" value="C:\Users\m\AppData\Local\Temp\surefire2428187656748955878\surefirebooter17705977874562808823.jar"/>
    <property name="user.script" value=""/>
    <property name="sun.management.compiler" value="HotSpot 64-Bit Tiered Compilers"/>
    <property name="java.runtime.version" value="14.0.2+12"/>
    <property name="user.name" value="m"/>
    <property name="path.separator" value=";"/>
    <property name="os.version" value="10.0"/>
    <property name="java.runtime.name" value="OpenJDK Runtime Environment"/>
    <property name="file.encoding" value="Cp1252"/>
    <property name="java.vm.name" value="OpenJDK 64-Bit Server VM"/>
    <property name="java.vendor.version" value="AdoptOpenJDK"/>
    <property name="localRepository" value="C:\Users\m\.m2\repository"/>
    <property name="java.vendor.url.bug" value="https://github.com/AdoptOpenJDK/openjdk-support/issues"/>
    <property name="java.io.tmpdir" value="C:\Users\m\AppData\Local\Temp\"/>
    <property name="java.version" value="14.0.2"/>
    <property name="user.dir" value="C:\Users\m\Desktop\m1\Systeme_Distribué\Projet\gestion-comptes-bancaires"/>
    <property name="os.arch" value="amd64"/>
    <property name="java.vm.specification.name" value="Java Virtual Machine Specification"/>
    <property name="sun.os.patch.level" value=""/>
    <property name="java.library.path" value="C:\Program Files\AdoptOpenJDK\jdk-14.0.2.12-hotspot\bin;C:\WINDOWS\Sun\Java\bin;C:\WINDOWS\system32;C:\WINDOWS;C:\Program Files (x86)\Common Files\Oracle\Java\javapath;C:\Program Files\AdoptOpenJDK\jdk-14.0.2.12-hotspot\bin;C:\WINDOWS\system32;C:\WINDOWS;C:\WINDOWS\System32\Wbem;C:\WINDOWS\System32\WindowsPowerShell\v1.0\;C:\WINDOWS\System32\OpenSSH\;C:\MinGW\bin;C:\Program Files\Java\jdk-14.0.2;C:\MinGW\bin;C:\MinGW64\bin;D:\Git\cmd;C:\Program Files\nodejs\;C:\Users\m\AppData\Local\Programs\Python\Python310\Scripts\;C:\Users\m\AppData\Local\Programs\Python\Python310\;C:\Users\m\AppData\Local\Microsoft\WindowsApps;C:\Users\m\AppData\Local\Programs\Microsoft VS Code\bin;C:\Users\m\AppData\Local\GitHubDesktop\bin;C:\ProgramData\m\GitHubDesktop\bin;C:\Users\m\AppData\Roaming\npm;C:\Users\m\AppData\Local\Programs\apache-maven-3.9.6\bin;;."/>
    <property name="java.vm.info" value="mixed mode, sharing"/>
    <property name="java.vendor" value="AdoptOpenJDK"/>
    <property name="java.vm.version" value="14.0.2+12"/>
    <property name="sun.io.unicode.encoding" value="UnicodeLittle"/>
    <property name="java.class.version" value="58.0"/>
  </properties>
  <testcase name="shouldAnswerWithTrue" classname="com.asni.AppTest" time="0.003"/>
</testsuite>